<?xml version="1.0" encoding="UTF-8"?>
<!-- Generated by org.testng.reporters.JUnitXMLReporter -->
<testsuite ignored="0" hostname="LTIN514035" failures="0" tests="4" name="chromeTest" time="276.635" errors="0" timestamp="2024-06-12T20:09:17 IST">
  <testcase classname="testCases.TC_001_userInfoTest" name="navigateBeCognizantPage" time="0.105"/>
  <testcase classname="testCases.TC_001_userInfoTest" name="verifyUserInfo" time="19.942"/>
  <testcase classname="testCases.TC_002_NewsPageTest" name="verifynewsDisplayed" time="0.845"/>
  <testcase classname="testCases.TC_002_NewsPageTest" name="getNewsPageDetails" time="224.08"/>
</testsuite> <!-- chromeTest -->
