<?xml version="1.0" encoding="UTF-8"?>
<!-- Generated by org.testng.reporters.JUnitXMLReporter -->
<testsuite ignored="0" hostname="LTIN518652" failures="0" tests="4" name="edgeTest" time="263.15" errors="0" timestamp="2024-06-06T09:43:27 IST">
  <testcase classname="testCases.TC_001_userInfoTest" name="navigateBeCognizantPage" time="0.11"/>
  <testcase classname="testCases.TC_001_userInfoTest" name="verifyUserInfo" time="19.525"/>
  <testcase classname="testCases.TC_002_NewsPageTest" name="verifynewsDisplayed" time="1.317"/>
  <testcase classname="testCases.TC_002_NewsPageTest" name="getNewsPageDetails" time="209.185"/>
</testsuite> <!-- edgeTest -->
