<?xml version="1.0" encoding="UTF-8"?>
<testng-results ignored="0" total="4" passed="4" failed="0" skipped="0">
  <reporter-output>
  </reporter-output>
  <suite started-at="2024-06-12T20:04:40 IST" name="Suite" finished-at="2024-06-12T20:09:17 IST" duration-ms="276635">
    <groups>
    </groups>
    <test started-at="2024-06-12T20:04:40 IST" name="chromeTest" finished-at="2024-06-12T20:09:17 IST" duration-ms="276635">
      <class name="testCases.TC_002_NewsPageTest">
        <test-method is-config="true" signature="setUp(java.lang.String)[pri:0, instance:testCases.TC_002_NewsPageTest@306e95ec]" started-at="2024-06-12T20:04:41 IST" name="setUp" finished-at="2024-06-12T20:04:58 IST" duration-ms="17349" status="PASS">
          <params>
            <param index="0">
              <value>
                <![CDATA[chrome]]>
              </value>
            </param>
          </params>
          <reporter-output>
          </reporter-output>
        </test-method> <!-- setUp -->
        <test-method signature="navigateBeCognizantPage()[pri:0, instance:testCases.TC_002_NewsPageTest@306e95ec]" started-at="2024-06-12T20:04:58 IST" name="navigateBeCognizantPage" finished-at="2024-06-12T20:04:59 IST" duration-ms="105" status="PASS">
          <reporter-output>
          </reporter-output>
        </test-method> <!-- navigateBeCognizantPage -->
        <test-method signature="verifyUserInfo()[pri:1, instance:testCases.TC_002_NewsPageTest@306e95ec]" started-at="2024-06-12T20:04:59 IST" name="verifyUserInfo" finished-at="2024-06-12T20:05:19 IST" duration-ms="19942" status="PASS">
          <reporter-output>
          </reporter-output>
        </test-method> <!-- verifyUserInfo -->
        <test-method signature="verifynewsDisplayed()[pri:2, instance:testCases.TC_002_NewsPageTest@306e95ec]" started-at="2024-06-12T20:05:20 IST" name="verifynewsDisplayed" finished-at="2024-06-12T20:05:20 IST" duration-ms="845" status="PASS">
          <reporter-output>
          </reporter-output>
        </test-method> <!-- verifynewsDisplayed -->
        <test-method signature="getNewsPageDetails()[pri:3, instance:testCases.TC_002_NewsPageTest@306e95ec]" started-at="2024-06-12T20:05:21 IST" name="getNewsPageDetails" finished-at="2024-06-12T20:09:05 IST" duration-ms="224080" status="PASS">
          <reporter-output>
          </reporter-output>
        </test-method> <!-- getNewsPageDetails -->
        <test-method is-config="true" signature="tearDown()[pri:0, instance:testCases.TC_002_NewsPageTest@306e95ec]" started-at="2024-06-12T20:09:06 IST" name="tearDown" finished-at="2024-06-12T20:09:17 IST" duration-ms="11597" status="PASS">
          <reporter-output>
          </reporter-output>
        </test-method> <!-- tearDown -->
      </class> <!-- testCases.TC_002_NewsPageTest -->
    </test> <!-- chromeTest -->
  </suite> <!-- Suite -->
</testng-results>
